Arguments: 
  /usr/bin/node /usr/share/yarn/bin/yarn.js init

PATH: 
  /home/linuxbrew/.linuxbrew/bin:/home/linuxbrew/.linuxbrew/sbin:/home/rodrigo/.local/bin:/usr/local/sbin:/usr/local/bin:/usr/sbin:/usr/bin:/sbin:/bin:/usr/games:/usr/local/games:/snap/bin:/home/rodrigo/Android/Sdk/emulator:/home/rodrigo/Android/Sdk/tools:/home/rodrigo/Android/Sdk/tools/bin:/home/rodrigo/Android/Sdk/platform-tools:/home/rodrigo/androidSDK/emulator:/home/rodrigo/androidSDK/tools:/home/rodrigo/androidSDK/tools/bin:/home/rodrigo/androidSDK/platform-tools:/home/rodrigo/androidSDK/tools:/home/rodrigo/androidSDK/platform-tools:/home/rodrigo/androidSDK/android-studio/jre

Yarn version: 
  1.19.1

Node version: 
  10.16.3

Platform: 
  linux x64

Trace: 
  Error: canceled
      at Interface.<anonymous> (/usr/share/yarn/lib/cli.js:136824:13)
      at Interface.emit (events.js:198:13)
      at Interface._ttyWrite (readline.js:801:16)
      at ReadStream.onkeypress (readline.js:184:10)
      at ReadStream.emit (events.js:198:13)
      at emitKeys (internal/readline.js:424:14)
      at emitKeys.next (<anonymous>)
      at ReadStream.onData (readline.js:1075:36)
      at ReadStream.emit (events.js:198:13)
      at addChunk (_stream_readable.js:288:12)

npm manifest: 
  No manifest

yarn manifest: 
  No manifest

Lockfile: 
  No lockfile
